[debug] [2026-01-17T22:03:04.476Z] ----------------------------------------------------------------------
[debug] [2026-01-17T22:03:04.477Z] Command:       /usr/bin/node /usr/bin/firebase init
[debug] [2026-01-17T22:03:04.477Z] CLI Version:   15.3.1
[debug] [2026-01-17T22:03:04.477Z] Platform:      linux
[debug] [2026-01-17T22:03:04.477Z] Node Version:  v24.13.0
[debug] [2026-01-17T22:03:04.478Z] Time:          Sat Jan 17 2026 19:03:04 GMT-0300 (Brasilia Standard Time)
[debug] [2026-01-17T22:03:04.478Z] ----------------------------------------------------------------------
[debug] 
[info] 
     ######## #### ########  ######## ########     ###     ######  ########
     ##        ##  ##     ## ##       ##     ##  ##   ##  ##       ##
     ######    ##  ########  ######   ########  #########  ######  ######
     ##        ##  ##    ##  ##       ##     ## ##     ##       ## ##
     ##       #### ##     ## ######## ########  ##     ##  ######  ########

You're about to initialize a Firebase project in this directory:

  /home/joao/Desktop/gestao-de-projetos-app

[debug] [2026-01-17T22:03:06.936Z] ExitPromptError: User force closed the prompt with SIGINT
    at Interface.sigint (/usr/lib/node_modules/firebase-tools/node_modules/@inquirer/core/dist/commonjs/lib/create-prompt.js:101:37)
    at Interface.emit (node:events:508:28)
    at [_ttyWrite] [as _ttyWrite] (node:internal/readline/interface:1327:18)
    at ReadStream.onkeypress (node:internal/readline/interface:284:20)
    at ReadStream.emit (node:events:520:35)
    at emitKeys (node:internal/readline/utils:371:14)
    at emitKeys.next (<anonymous>)
    at ReadStream.onData (node:internal/readline/emitKeypressEvents:64:36)
    at ReadStream.emit (node:events:508:28)
    at addChunk (node:internal/streams/readable:559:12)
[error] 
[error] Error: An unexpected error has occurred.
